\BOOKMARK [1][-]{section.1}{What is celltrack?}{}% 1
\BOOKMARK [2][-]{subsection.1.1}{Definitions}{section.1}% 2
\BOOKMARK [2][-]{subsection.1.2}{The clustering algorithm}{section.1}% 3
\BOOKMARK [2][-]{subsection.1.3}{The linking}{section.1}% 4
\BOOKMARK [2][-]{subsection.1.4}{The tracking algorithm}{section.1}% 5
\BOOKMARK [2][-]{subsection.1.5}{Meta tracks and mainstream detection}{section.1}% 6
\BOOKMARK [2][-]{subsection.1.6}{The other stuff}{section.1}% 7
\BOOKMARK [1][-]{section.2}{Building from source}{}% 8
\BOOKMARK [2][-]{subsection.2.1}{Dependencies}{section.2}% 9
\BOOKMARK [2][-]{subsection.2.2}{configure and make}{section.2}% 10
\BOOKMARK [1][-]{section.3}{Usage}{}% 11
\BOOKMARK [1][-]{section.4}{Input}{}% 12
\BOOKMARK [1][-]{section.5}{Output}{}% 13
\BOOKMARK [2][-]{subsection.5.1}{The cells files}{section.5}% 14
\BOOKMARK [3][-]{subsubsection.5.1.1}{cells.nc}{subsection.5.1}% 15
\BOOKMARK [3][-]{subsubsection.5.1.2}{cell\137stats.txt}{subsection.5.1}% 16
\BOOKMARK [2][-]{subsection.5.2}{The links files}{section.5}% 17
\BOOKMARK [3][-]{subsubsection.5.2.1}{cell\137links.txt}{subsection.5.2}% 18
\BOOKMARK [3][-]{subsubsection.5.2.2}{links\137stats.txt}{subsection.5.2}% 19
\BOOKMARK [2][-]{subsection.5.3}{The tracks files}{section.5}% 20
\BOOKMARK [3][-]{subsubsection.5.3.1}{tracks\137all.txt / tracks\137clean.txt}{subsection.5.3}% 21
\BOOKMARK [3][-]{subsubsection.5.3.2}{tracks\137all\137stats.txt / tracks\137clean\137stats.txt}{subsection.5.3}% 22
\BOOKMARK [3][-]{subsubsection.5.3.3}{tracks\137all\137summary.txt / tracks\137clean\137summary.txt}{subsection.5.3}% 23
